[   0.00000] Iitling cgoup suys cpus
  00.000] nialin cgro ssys pu
[   000000] Initiling coususys cpuat[   .0000] Liuxerio4.0-59-ger (buddgw1-11(g veron.40 20069 (Ubuntu .4-6buntu1164.) #8Ubntu P i Ja6 :4:47 C 17 (un 4.40-.80-gneric4.435
[    0.0000 Cmmand in BOTIMAG/bot/vin-4.4.09-neriro=LBEL=cludg-ootfroonole=tt cnsle=ttyS0[   .000] KEELuppoedpu:  0.0000  nt Guinent
    0000   AD AuheticAMD
[  0.0000]   ntur CentaurHaus[   0.000] x/f: xsteffet[2]:57 xste_ze[2]:  256[   .000 x86/f: pporinXSE feur0x01: x8flating pontegiser'[    .000] 86/fpu Spotig XSE aturex02: SS registrs
   0.00] 86/fpuSuorti XVEfeate 04: VXegster'
[   0.0000] 6/pu: abd xsteeaures 0, ntext zes 32 besusin'sndrd' rm.
[  00000] x8fp Usi 'zy FPUonxt sithe.
[  .00000e8: BIOSroded hyca RAM p:
[   0.00] IOe8: mem 0x00000000000x0000009fbff]usle
[   0.000] BS-20 [me0x0000000900-0000000ff] eserd[    0000]] BIOS-e820 [me 000000000f00-0x000000fffff] rerved
[  00000] OS-820: [mem 0x000000000100000-0x000000003ffeffff] usable
[    0.000000] BIOS-e820: [mem 0x000000003fff0000-0x000000003fffffff] ACPI data
[    0.000000] BIOS-e820: [mem 0x00000000fec0000x0000000fc0ff] reerd
[  .00000] BOS82: [m 0000000ee00-0x0000fe00fff]rervd
[  00000] BI-e0: [me 000000fffc00x00000ffffff] esve
[   0000] NX (ecte Disab) rotectn:ctiv
  0.0000 SIOS 2.5 rent
[    00000] peisr detete KM
[  00000] 20lastfn 0x3ff m_arcpf= 0x0000
[   00000] MTR:isbled[   0.00000] x6/ATMTs diabd,skipi PT initlitionoo
[    0000]x86/PA: nfguratin -7: WBWTUC UC B T  U U 
[  0.0000CPMTRRslllak - iralze ste
[   00000]founSMP P-ab a [mem x09ff0-000fff]apedat [fff00009f0]
[  0.000] Scain1 arasorlomerycorrptn
[  0.0000] AMSK [m x36c000x5aff]   0000]ACPI: Ealy tble ecum verfiti disabed[    00000 ACPI:SD 0x00000000000004 v0VBOX  
[   .000 API: DTx00000FF00 003 (v01 VX VBXXDT00001 L 000061)[   0.00000] CPI:AC0x0000003F000 0004 04 VX VBXFAC 00011 ASL 000061)
[   000000] PIDSDT 0000003F00 0210Fv0VBOX VXBOS 00000INTL 21028
[  00000 AI:FACSx0000003FF02 000040[   .00000 AI:FACS 0000000FFF0000004
[   .00000 ACPIAP 000003FF020 00C v02 VX   BOXPIC 00000001 ASL 00001)[   0.00000] CP SDT 0x00000FFF020 01C (v0 VOX VBOXCT 0000002 ITL 20100528)
[    0.0000] o NUA onfiguratio fund
[    .00000] Fakin a ndeat[mm 00000000000000-x00000003efff]
