[    0000] Iitaling grp ubs uset[   0.000]Intiling cgro sbss cpu[  0.000000] Initializing cgrop sbss puacct
[    0.000000] Linuxvesi 4.40--gneric (buildd@lgw01-11) (gcc version 5.4.0 206009(Uuntu 5.4.0-6ubnt1~6.4.4) ) 0-butu SM F Jn 6 1:4:4 UC 2017 (Ubuntu 44.59.80-generic 4.4.35)
[    0.000000 Cmad lie:OO_IMAE=bo/vmlnu4..0-5geric rot=BE=couimrootfsroonole=ty1onole=yS
[    0000] KERELuportecp:
[  0.000000]   Intel GenuineIntel[   0.000]   A AhentcA
   0.0000]  Ceta CntaurHaus
[  0.0000x8fpu:xsteffse2] 576 xat_siz[2  256   0.000 x86fp Sppti XSAE atre 01:'x7 flti pointrestrs'
[   00000]x8fp: uppotig XSAV fatre0x02:'SE egsters'[   0.000]x8/fu:Suportin XAV fature 0x04: 'AV risers'
[    0.00000] x6/fpu: Enable xtate eaur 0x7 cntxtsize is 832 bytes, usig tadard' format.
[    0.000000] x86/fpu: Using'lzy FU conxtswtches.
[    0.000000] e820 BOSproidedphsialRAM map:
[   000000] BIS-82: mem 0x000000000000000-0x000000000009fbff] usable
[    0.000000] BIOS-e820: [mem 0x000000000009fc00-0x000000000009ffff] reserved
[    0.0000] BIOS-82: me 0x0000000000x0000000ffff] seved[  0.0000]IOS-e820: [mem 0x0000000000100000-0x000000003ffeffff] usable
[    0.000000] BIOS-e820: [mem 0x000000003fff0000-0x00003ffffff] CPdata
[    00000] BIOS-e820: [mem 000000f00000x00000fc00fff] reserved
[    0.000000] BIOSe80:[mm x00000fee00000-0x00000000fee00ff] esrvd[  0.000] BIOS-820:me0x0000fffc000x000000fffff] seve
[   .0000]X (Ecu Disabe)roecti: tive
[    0.000000] SMBIOS 5 reset.
[    0.0000Hyerisr etctd: KVM
[    0.0000e820: last_pn 0xfff0ma_achpfn =0x0000000
[    0.000000] MTR: saled
[   .0000] x86/PT:MTRsdisabled, skipig ATinitializaioto.
[    0.000000] x8PA: onfiurtin [0-7]: WB  WT  UC- UC  WB  WT  UC- UC  
   00000 CPU MTRRs all blnk vrtuaizd stem
  0.0000 fund P -tabe  [emx009ff0-x09fff mpe at [fff000009ff0
[   0.00000Scanng ares r ow morcorrptn
[   00000] MDK: [me0xb6c000-x3adfff]
[   0000] PI: Eary able checksum verification disabled
[    0.00000]ACP: DP0x0000000E00 0024 (02BO  )
[    000000]CP: SDT x00003FF00300003C (v0 VX   BOSD 00000 AL  0000061
[    0.000000] ACPI: FACP 0x000000003FFF00F0 0000F4 (v04 VBOX   VBOXFACP 00000001 ASL  00000061)
[    0.000000] ACPI: DSDT 0x0000000FF04 021F v0 VOX  BOIOS 0002 INT 20028)
[  00000ACPI FS x000003FF00 0040
  0.0000] PI FAC0x0000000FF00000040
[   0.0000] PI AC 000000FF024000C (v2 OX  VBAP 00000 AL 00001)
[   00000 API SDT 0x000000FF02A0 0001CC v0 VOX  VBOCPT 00000 ITL200028
   0.000000NoUMA congutionfod
[  .0000]akinga ndeat[mem 0x0000000000-0000000fefff]
[  00000NODE_TA0)allocaedme 0x3feb000xffeff]
[    0.000000] kvm-clck: Usin msr 4564d01 and 4b564d00
[    0.000000] kvm-clock: pu0,sr 0:3fe30, riry puclock
[   .0000] m-lock: usingchd offset of 2940846220 cycles
[    0.000000] cocouce: kvm-coc: as: 0xfffffffffff axycles 0cd2e4dffb,maxdl_ns: 81505483 ns
[  000000] Zone ranges:
[    0.000000]   DMA    [em 0x0000000010-0000000fffff]   0.00000] DMA2  [em 0x0000010000-00000003ffff]
   00000  ormal ept
[   .0000]   Deic  empt
   0.0000]Movabe on start foreah ode[  0.00000Ealy mmo nde rages
   0.000]  od  : [mem0x0000000000-000000000009ff]
[    0.000000]   node   0: [mem 0x0000000000000x0000003feffff]
[   0.00000] Initmesep noe [mm 0x00000000000x000003feff]
[    0.000000] CP P-TierO ort: x48
[   000000]IOPI0] apicd , ersin , ddress 0xec00, I 23
[   0.000] ACP IT_SRCOV(bs 0 s_q  glol_q 2 dfdf
[   0.000] AI:NT_SRCOV(bs 0 usrq9 globl_q  hh vel)
[   .000000] Using CPI (MT)for SM cnfurratin formaion
[  0.0000smpbotAlowin 2CP, 0 holuCPUs
[    00000] PM: egteednovememo: em 000000-x0000f]
[  .00000PMRegisrenosave emy: [mem0x0900-000ffff
  0.00000 P: Reisre nsa mmoy:[m 0x00000-0000efff]
[  0.000]PM: gisred osveemory: me 000f0000x00fff]
[   00000] e82: em0x40000-0febfffffavilab f PCIeves
  0.000]ooti pavrtaledkeneonKVM[  0.00000]loksur: efind-ffes: sk0xffffffmax_cl: 0xffff, max_lens 76451001156 ns
[   .00000seup_prcpuNRCPUS:5 n_cumk_it51nrcpu_id:2r_ode_ds
    .00000] RCPUEmdded 33 ag/cu @ff803c0000 824 r8922812 u1057
[    0.0000 PV qsnlk has tleentrs: 26 (order0,4096 tes
    0.000000] Built 1 zonelists iNoe rder mobility grouping on.  Total pages: 257913
[    0.0000]Poiczoe: DMA32
[    0.000000] rn commandin: OOTIME=bo/vinuz4.0-9-gener rotAB=clodi-rots  cnsole=y1onso=tS0
  0.0000] D hashtalentris:09 (orer3,32768 te
[   00000]Mery 1007/10481K ailae 436Kkeelcode 11Krwdaa,39K roat 188K it1316K ss4644K rseed 0K a-seved)
[    0.00000] UB HWalig=64Orer=03,inbjec=0CPUs=2 Nods=
[    0.000 Hierccal U plemntaton
[    0.000000] 	Build-time adjustment of leaf fanout to 64.
[    0.000000] 	RCU restricting CPUs from NR_CPUS=512 to nr_cpu_ids=2.
[    0.000000] RCU: Adjusting geometry for rcu_fano_lf=64 ncpu_id=2
[    0.0000] _IRQS:302nr_irqs:40 16
   000000] onol: colourVG 80x25[  0.000000 cnsle [ty eable
  0.0000 cnsol [yS] enabd[    0.000000] tsc: Detected 2494.226 MHz processor
[   22.435118] Calibrating delay loop (skipped) preset value.. 4988.45 BogoMIPS (lpj=9976904)
[   22.557308] pid_max: default: 32768 minimum: 301
[   22.627612] ACPI: Core revision 20150930
[   22.676402] ACPI: 2 ACPI AML tables successfully acquired and loaded
[   22.759218] Security Framework initialized
[   22.819343] Yama: becoming mindful.
[   22.877019] AppArmor: AppArmor initialized
[   22.935828] Dentry cache hash table entries: 131072 (order: 8, 1048576 bytes)
[   23.051591] Inode-cache hash table entries: 65536 (order: 7, 524288 bytes)
[   23.113376] Mount-cache hash table entries: 2048 (order: 2, 16384 bytes)
[   23.153942] Mountpoint-cache hash table entries: 2048 (order: 2, 16384 bytes)
[   23.268807] Initializing cgroup subsys io
[   23.343730] Initializing cgroup subsys memory
[   23.425133] Initializing cgroup subsys devices
[   23.524683] Initializing cgroup subsys freezer
[   23.611546] Initializing cgroup subsys net_cls
[   23.690718] Initializing cgroup subsys perf_event
[   23.770331] Initializing cgroup subsys net_prio
[   23.862919] Initializing cgroup subsys hugetlb
[   23.884532] Initializing cgroup subsys pids
[   23.885447] CPU: Physical Processor ID: 0
[   23.912837] CPU: Processor Core ID: 0
[   23.985225] mce: CPU supports 0 MCE banks
[   24.034356] Last level iTLB entries: 4KB 1024, 2MB 1024, 4MB 1024
[   24.144301] Last level dTLB entries: 4KB 1024, 2MB 1024, 4MB 1024, 1GB 4
[   24.189137] Freeing SMP alternatives memory: 32K (ffffffff820b8000 - ffffffff820c0000)
[   24.339880] ftrace: allocating 32064 entries in 126 pages
[   24.483931] smpboot: APIC(0) Converting physical 0 to logical package 0
[   24.580807] smpboot: Max logical packages: 1
[   24.642478] x2apic enabled
[   24.677287] Switched APIC routing to physical x2apic.
[   24.732634] ..TIMER: vector=0x30 apic1=0 pin1=2 apic2=-1 pin2=-1
[   24.891229] smpboot: CPU0: Intel(R) Core(TM) i7-4870HQ CPU @ 2.50GHz (family: 0x6, model: 0x46, stepping: 0x1)
[   25.051494] Performance Events: unsupported p6 CPU model 70 no PMU driver, software events only.
[   25.187007] KVM setup paravirtual spinlock
[   25.281441] x86: Booting SMP configuration:
[   25.373943] .... node  #0, CPUs:      #1
[   25.430406] kvm-clock: cpu 1, msr 0:3ffe3041, secondary cpu clock
[   25.477277] mce: CPU supports 0 MCE banks
[   25.528413] x86: Booted up 1 node, 2 CPUs
[   25.581692] smpboot: Total of 2 processors activated (9976.90 BogoMIPS)
[   25.704073] devtmpfs: initialized
[   25.753804] evm: security.selinux
[   25.784871] evm: security.SMACK64
[   25.787716] evm: security.SMACK64EXEC
[   25.820151] evm: security.SMACK64TRANSMUTE
[   25.862762] evm: security.SMACK64MMAP
[   25.918568] evm: security.ima
[   25.946959] evm: security.capability
[   25.999426] clocksource: jiffies: mask: 0xffffffff max_cycles: 0xffffffff, max_idle_ns: 7645041785100000 ns
[   26.071828] pinctrl core: initialized pinctrl subsystem
[   26.133278] RTC time: 19:17:12, date: 01/28/17
[   26.183711] NET: Registered protocol family 16
[   26.269281] cpuidle: using governor ladder
[   26.321470] cpuidle: using governor menu
[   26.380732] PCCT header not found.
[   26.408876] ACPI: bus type PCI registered
[   26.469809] acpiphp: ACPI Hot Plug PCI Controller Driver version: 0.5
[   26.554517] PCI: Using configuration type 1 for base access
[   26.618778] ACPI: Added _OSI(Module Device)
[   26.672602] ACPI: Added _OSI(Processor Device)
[   26.729908] ACPI: Added _OSI(3.0 _SCP Extensions)
[   26.787145] ACPI: Added _OSI(Processor Aggregator Device)
[   26.899280] ACPI: Executed 1 blocks of module-level executable AML code
[   26.985911] ACPI: Interpreter enabled
[   27.018644] ACPI: (supports S0 S5)
[   27.058668] ACPI: Using IOAPIC for interrupt routing
[   27.107325] PCI: Using host bridge windows from ACPI; if necessary, use "pci=nocrs" and report a bug
[   27.230563] ACPI: PCI Root Bridge [PCI0] (domain 0000 [bus 00-ff])
[   27.341843] acpi PNP0A03:00: _OSC: OS supports [ASPM ClockPM Segments MSI]
[   27.493133] acpi PNP0A03:00: _OSC failed (AE_NOT_FOUND); disabling ASPM
[   27.628137] acpi PNP0A03:00: fail to add MMCONFIG information, can't access extended PCI configuration space under this bridge.
[   27.822463] PCI host bridge to bus 0000:00
[   27.854678] pci_bus 0000:00: root bus resource [io  0x0000-0x0cf7 window]
[   27.934659] pci_bus 0000:00: root bus resource [io  0x0d00-0xffff window]
[   27.991878] pci_bus 0000:00: root bus resource [mem 0x000a0000-0x000bffff window]
[   28.088051] pci_bus 0000:00: root bus resource [mem 0x40000000-0xffdfffff window]
[   28.203894] pci_bus 0000:00: root bus resource [bus 00-ff]
[   28.309053] pci 0000:00:01.1: legacy IDE quirk: reg 0x10: [io  0x01f0-0x01f7]
[   28.408711] pci 0000:00:01.1: legacy IDE quirk: reg 0x14: [io  0x03f6]
[   28.514690] pci 0000:00:01.1: legacy IDE quirk: reg 0x18: [io  0x0170-0x0177]
[   28.565396] pci 0000:00:01.1: legacy IDE quirk: reg 0x1c: [io  0x0376]
[   28.745001] pci 0000:00:07.0: quirk: [io  0x4000-0x403f] claimed by PIIX4 ACPI
[   28.823397] pci 0000:00:07.0: quirk: [io  0x4100-0x410f] claimed by PIIX4 SMB
[   28.895679] ACPI: PCI Interrupt Link [LNKA] (IRQs 5 9 10 *11)
[   28.950456] ACPI: PCI Interrupt Link [LNKB] (IRQs 5 9 10 *11)
[   29.040380] ACPI: PCI Interrupt Link [LNKC] (IRQs 5 9 *10 11)
[   29.133288] ACPI: PCI Interrupt Link [LNKD] (IRQs 5 *9 10 11)
[   29.139931] ACPI: Enabled 2 GPEs in block 00 to 07
[   29.207272] vgaarb: setting as boot device: PCI:0000:00:02.0
[   29.326769] vgaarb: device added: PCI:0000:00:02.0,decodes=io+mem,owns=io+mem,locks=none
[   29.405878] vgaarb: loaded
[   29.407682] vgaarb: bridge control possible 0000:00:02.0
[   29.457898] SCSI subsystem initialized
[   29.507965] ACPI: bus type USB registered
[   29.515219] usbcore: registered new interface driver usbfs
[   29.578027] usbcore: registered new interface driver hub
[   29.658674] usbcore: registered new device driver usb
[   29.733543] PCI: Using ACPI for IRQ routing
[   29.826972] NetLabel: Initializing
[   29.903788] NetLabel:  domain hash size = 128
[   29.980390] NetLabel:  protocols = UNLABELED CIPSOv4
[   30.075773] NetLabel:  unlabeled traffic allowed by default
[   30.140541] amd_nb: Cannot enumerate AMD northbridges
[   30.190874] clocksource: Switched to clocksource kvm-clock
[   3.370 AArr:ppmoFisyemnale
[ 30555]pn: PnP CPin
  1.46] p:nPCP fun3 vics
[   31.670145] clocksource: acpi_pm: mask: 0xffffff max_cycles: 0xffffff, max_idle_ns: 2085701024 ns
[   31.763062] NET: Registered protocol family 2
[   31.820766] TCP established hash table entries: 8192 (order: 4, 65536 bytes)
[   31.908813] TCP bind hash table entries: 8192 (order: 5, 131072 bytes)
[   32.101329] TCP: Hash tables configured (established 8192 bind 8192)
[   32.221404] UDP hash table entries: 512 (order: 2, 16384 bytes)
[   32.362667] UDP-Lite hash table entries: 512 (order: 2, 16384 bytes)
[   32.537162] NET: Registered protocol family 1
[   32.615315] pci 0000:00:00.0: Limiting direct PCI/PCI transfers
[   32.686691] pci 0000:00:01.0: Activating ISA DMA hang workarounds
[   32.807673] Trying to unpack rootfs image as initramfs...
[   34.559788] Freeing initrd memory: 10504K (ffff880036b6c000 - ffff8800375ae000)
[   34.655197] platform rtc_cmos: registered platform RTC device (no PNP device found)
[   34.830377] Scanning for low memory corruption every 60 seconds
[   34.922011] futex hash table entries: 512 (order: 3, 32768 bytes)
[   35.005715] audit: initializing netlink subsys (disabled)
[   35.064740] audit: type=2000 audit(1485631015.522:1): initialized
[   35.248556] Initialise system trusted keyring
[   35.305913] HugeTLB registered 2 MB page size, pre-allocated 0 pages
[   35.363501] zbud: loaded
[   35.393834] VFS: Disk quotas dquot_6.6.0
[   35.433840] VFS: Dquot-cache hash table entries: 512 (order 0, 4096 bytes)
[   35.535808] squashfs: version 4.0 (2009/01/31) Phillip Lougher
[   35.590858] fuse init (API version 7.23)
[   35.618976] Key type big_key registered
[   35.659619] tsc: Refined TSC clocksource calibration: 2493.583 MHz
[   35.707936] clocksource: tsc: mask: 0xffffffffffffffff max_cycles: 0x23f18be2e28, max_idle_ns: 440795223347 ns
[   35.708002] Allocating IMA MOK and blacklist keyrings.
[   35.708301] Key type asymmetric registered
[   35.708308] Asymmetric key parser 'x509' registered
[   35.708428] Block layer SCSI generic (bsg) driver version 0.4 loaded (major 249)
[   35.708474] io scheduler noop registered
[   35.708477] io scheduler deadline registered (default)
[   35.708507] io scheduler cfq registered
[   35.708587] pci_hotplug: PCI Hot Plug PCI Core version: 0.5
[   35.708590] pciehp: PCI Express Hot Plug Controller Driver version: 0.4
[   35.708865] ACPI: AC Adapter [AC] (on-line)
[   35.708916] input: Power Button as /devices/LNXSYSTM:00/LNXPWRBN:00/input/input0
[   35.708918] ACPI: Power Button [PWRF]
[   35.708974] input: Sleep Button as /devices/LNXSYSTM:00/LNXSLPBN:00/input/input1
[   35.708975] ACPI: Sleep Button [SLPF]
[   35.709095] GHES: HEST is not enabled!
[   35.710095] ACPI: Battery Slot [BAT0] (battery present)
[   35.780000] Serial: 8250/16550 driver, 32 ports, IRQ sharing enabled
[   35.815685] 00:02: ttyS0 at I/O 0x3f8 (irq = 4, base_baud = 115200) is a 16550A
[   35.832725] Linux agpgart interface v0.103
[   35.886096] brd: module loaded
[   35.887214] loop: module loaded
[   35.887693] scsi host0: ata_piix
[   35.887741] scsi host1: ata_piix
[   35.887766] ata1: PATA max UDMA/33 cmd 0x1f0 ctl 0x3f6 bmdma 0xd000 irq 14
[   35.887767] ata2: PATA max UDMA/33 cmd 0x170 ctl 0x376 bmdma 0xd008 irq 15
[   35.887833] libphy: Fixed MDIO Bus: probed
[   35.887836] tun: Universal TUN/TAP device driver, 1.6
[   35.887836] tun: (C) 1999-2004 Max Krasnyansky <maxk@qualcomm.com>
[   35.888115] PPP generic driver version 2.4.2
[   35.888187] ehci_hcd: USB 2.0 'Enhanced' Host Controller (EHCI) Driver
[   35.888193] ehci-pci: EHCI PCI platform driver
[   35.888213] ehci-platform: EHCI generic platform driver
[   35.888223] ohci_hcd: USB 1.1 'Open' Host Controller (OHCI) Driver
[   35.888227] ohci-pci: OHCI PCI platform driver
[   35.888238] ohci-platform: OHCI generic platform driver
[   35.888247] uhci_hcd: USB Universal Host Controller Interface driver
[   35.888320] i8042: PNP: PS/2 Controller [PNP0303:PS2K,PNP0f03:PS2M] at 0x60,0x64 irq 1,12
[   35.888871] serio: i8042 KBD port at 0x60,0x64 irq 1
[   35.888877] serio: i8042 AUX port at 0x60,0x64 irq 12
[   35.889026] mousedev: PS/2 mouse device common for all mice
[   35.889369] input: AT Translated Set 2 keyboard as /devices/platform/i8042/serio0/input/input2
[   35.889765] rtc_cmos rtc_cmos: rtc core: registered rtc_cmos as rtc0
[   35.889815] rtc_cmos rtc_cmos: alarms up to one day, 114 bytes nvram
[   35.889822] i2c /dev entries driver
[   35.889870] device-mapper: uevent: version 1.0.3
[   35.889941] device-mapper: ioctl: 4.34.0-ioctl (2015-10-28) initialised: dm-devel@redhat.com
[   35.889958] ledtrig-cpu: registered to indicate activity on CPUs
[   35.890249] NET: Registered protocol family 10
[   35.890373] NET: Registered protocol family 17
[   35.890382] Key type dns_resolver registered
[   35.890634] microcode: CPU0 sig=0x40661, pf=0x40, revision=0x0
[   35.907685] microcode: CPU1 sig=0x40661, pf=0x40, revision=0x0
[   35.907775] microcode: Microcode Update Driver: v2.01 <tigran@aivazian.fsnet.co.uk>, Peter Oruba
[   35.907924] registered taskstats version 1
[   35.907942] Loading compiled-in X.509 certificates
[   35.909021] Loaded X.509 cert 'Build time autogenerated kernel key: 6ffa6bfaa152a74cd2b6aa1e188cb999d8f5632b'
[   35.909049] zswap: loaded using pool lzo/zbud
[   35.910966] Key type trusted registered
[   35.914420] Key type encrypted registered
[   35.914427] AppArmor: AppArmor sha1 policy hashing enabled
[   35.914430] ima: No TPM chip found, activating TPM-bypass!
[   35.914449] evm: HMAC attrs: 0x1
[   35.914932]   Magic number: 1:808:294
[   35.914943] ata_device dev2.0: hash matches
[   35.914944]  dev2.0: hash matches
[   35.914956] misc hpet: hash matches
[   35.914970] tty tty27: hash matches
[   35.949123] rtc_cmos rtc_cmos: setting system clock to 2017-01-28 19:17:21 UTC (1485631041)
[   35.949289] BIOS EDD facility v0.16 2004-Jun-25, 0 devices found
[   35.949289] EDD information not available.
[   38.388148] Freeing unused kernel memory: 1488K (ffffffff81f44000 - ffffffff820b8000)
[   40.050898] Write protecting the kernel read-only data: 14336k
[   40.121318] Freeing unused kernel memory: 1792K (ffff880001840000 - ffff880001a00000)
[   40.216109] Freeing unused kernel memory: 136K (ffff880001dde000 - ffff880001e00000)
Loading, please [   40.269154] random: systemd-udevd: uninitialized urandom read (16 bytes read, 5 bits of entropy available)
wait...
startin[   40.269872] random: udevadm: uninitialized urandom read (16 bytes read, 5 bits of entropy available)
g version 229
[   40.269900] random: udevadm: uninitialized urandom read (16 bytes read, 5 bits of entropy available)
[   40.269989] random: udevadm: uninitialized urandom read (16 bytes read, 5 bits of entropy available)
[   40.270020] random: udevadm: uninitialized urandom read (16 bytes read, 5 bits of entropy available)
[   40.270049] random: udevadm: uninitialized urandom read (16 bytes read, 5 bits of entropy available)
[   40.270081] random: udevadm: uninitialized urandom read (16 bytes read, 5 bits of entropy available)
[   40.270109] random: udevadm: uninitialized urandom read (16 bytes read, 5 bits of entropy available)
[   40.270184] random: udevadm: uninitialized urandom read (16 bytes read, 5 bits of entropy available)
[   40.270283] random: udevadm: uninitialized urandom read (16 bytes read, 5 bits of entropy available)
[   41.517508] e1000: Intel(R) PRO/1000 Network Driver - version 7.3.21-k8-NAPI
[   41.594727] e1000: Copyright (c) 1999-2006 Intel Corporation.
[   41.673258] Fusion MPT base driver 3.04.20
[   41.713789] Copyright (c) 1999-2008 LSI Corporation
[   41.766533] Fusion MPT SPI Host driver 3.04.20
[   41.862642] AVX version of gcm_enc/dec engaged.
[   41.955472] AES CTR mode by8 optimization enabled
[   41.962406] input: ImExPS/2 Generic Explorer Mouse as /devices/platform/i8042/serio1/input/input4
[   42.203802] e1000 0000:00:03.0 eth0: (PCI:33MHz:32-bit) 02:61:a6:56:41:08
[   42.203805] e1000 0000:00:03.0 eth0: Intel(R) PRO/1000 Network Connection
[   42.204321] mptbase: ioc0: Initiating bringup
[   42.271486] ioc0: LSI53C1030 A0: Capabilities={Initiator}
[   42.436560] scsi host2: ioc0: LSI53C1030 A0, FwRev=00000000h, Ports=1, MaxQ=256, IRQ=20
[   42.565188] scsi 2:0:0:0: Direct-Access     VBOX     HARDDISK         1.0  PQ: 0 ANSI: 5
[   42.565192] scsi target2:0:0: Beginning Domain Validation
[   42.566761] scsi target2:0:0: Domain Validation skipping write tests
[   42.566762] scsi target2:0:0: Ending Domain Validation
[   42.566809] scsi target2:0:0: asynchronous
[   42.567110] scsi 2:0:1:0: Direct-Access     VBOX     HARDDISK         1.0  PQ: 0 ANSI: 5
[   42.567113] scsi target2:0:1: Beginning Domain Validation
[   42.567658] scsi target2:0:1: Domain Validation skipping write tests
[   42.567658] scsi target2:0:1: Ending Domain Validation
[   42.567687] scsi target2:0:1: asynchronous
[   42.935123] e1000 0000:00:08.0 eth1: (PCI:33MHz:32-bit) 08:00:27:c4:96:62
[   42.935125] e1000 0000:00:08.0 eth1: Intel(R) PRO/1000 Network Connection
[   43.067221] e1000 0000:00:08.0 enp0s8: renamed from eth1
[   43.840606] sd 2:0:0:0: Attached scsi generic sg0 type 0
[   43.961509] e1000 0000:00:03.0 enp0s3: renamed from eth0
[   43.962934] sd 2:0:0:0: [sda] 20971520 512-byte logical blocks: (10.7 GB/10.0 GiB)
[   44.115991] sd 2:0:0:0: [sda] Write Protect is off
[   44.176020] sd 2:0:1:0: Attached scsi generic sg1 type 0
[   44.176157] sd 2:0:1:0: [sdb] 20480 512-byte logical blocks: (10.5 MB/10.0 MiB)
[   44.176620] sd 2:0:1:0: [sdb] Write Protect is off
[   44.176720] sd 2:0:1:0: [sdb] Incomplete mode parameter data
[   44.176721] sd 2:0:1:0: [sdb] Assuming drive cache: write through
[   44.219048] sd 2:0:0:0: [sda] Incomplete mode parameter data
[   44.219049] sd 2:0:0:0: [sda] Assuming drive cache: write through
[   44.220798]  sda: sda1
[   44.220831] sd 2:0:1:0: [sdb] Attached SCSI disk
[   44.221534] sd 2:0:0:0: [sda] Attached SCSI disk
[   44.764118] floppy0: no floppy controllers found
[   52.374285] mptscsih: ioc0: attempting task abort! (sc=ffff88003e3ad680)
[   52.427968] sd 2:0:1:0: [sdb] tag#1 CDB: Inquiry 12 00 00 00 fe 00
[   52.583735] mptscsih: ioc0: task abort: FAILED (rv=2003) (sc=ffff88003e3ad680)
[   52.784777] mptscsih: ioc0: attempting target reset! (sc=ffff88003e3ad680)
[   54.278228] sd 2:0:1:0: [sdb] tag#1 CDB: Inquiry 12 00 00 00 fe 00
[   54.907698] mptscsih: ioc0: target reset: SUCCESS (sc=ffff88003e3ad680)
Begin: Loading e[   56.640952] md: linear personality registered for level -1
ssential drivers[   56.744799] md: multipath personality registered for level -4
 ... [   56.936959] md: raid0 personality registered for level 0
[   57.043400] md: raid1 personality registered for level 1
[   57.339102] raid6: sse2x1   gen() 10998 MB/s
[   57.499026] raid6: sse2x1   xor()  8511 MB/s
[   57.687072] raid6: sse2x2   gen() 13864 MB/s
[   57.863118] raid6: sse2x2   xor()  8828 MB/s
[   58.043061] raid6: sse2x4   gen() 16117 MB/s
[   58.215390] raid6: sse2x4   xor() 10332 MB/s
[   58.338436] raid6: using algorithm sse2x4 gen() 16117 MB/s
[   58.428065] raid6: .... xor() 10332 MB/s, rmw enabled
[   58.551787] raid6: using ssse3x2 recovery algorithm
[   58.650675] xor: automatically using best checksumming function:
[   58.926965]    avx       : 22253.000 MB/sec
[   59.016283] async_tx: api initialized (async)
[   59.090290] md: raid6 personality registered for level 6
[   59.160807] md: raid5 personality registered for level 5
[   59.203827] md: raid4 personality registered for level 4
[   59.342069] md: raid10 personality registered for level 10
done.
Begin: Running /scripts/init-premount ... done.[   59.404640] Btrfs loaded

Begin: Mounting root file system ... Begin: Running /scripts/lo[   59.500630] EXT4-fs (sda1): mounted filesystem with ordered data mode. Opts: (null)
cal-top ... done.
Begin: Running /scripts/local-premount ... Scanning for Btrfs filesystems
done.
Warning: fsck not present, so skipping root file system
done.
Begin: Running /scripts/local-bottom ... done.
Begin: Running /scripts/init-bottom ... done.
[   59.657801] systemd[1]: systemd 229 running in system mode. (+PAM +AUDIT +SELINUX +IMA +APPARMOR +SMACK +SYSVINIT +UTMP +LIBCRYPTSETUP +GCRYPT +GNUTLS +ACL +XZ -LZ4 +SECCOMP +BLKID +ELFUTILS +KMOD -IDN)
[   59.768603] systemd[1]: Detected virtualization oracle.
[   59.820911] systemd[1]: Detected architecture x86-64.

Welcome to [1mUbuntu 16.04.1 LTS[0m!

[ 59510]ystemd[1]: Set hstmeo buu>.
[   60.300633] systemd[1]: Initializing machine ID from random generator.
[   60.428046] systemd[1]: Installed transient /etc/machine-id file.
[   60.629887] systemd[1]: Listening on Journal Socket (/dev/log).
[[0;32m  OK  [0m] Listening on Journal Socket (/dev/log).
[  6.793] sstd[]:isning n LV madtaaeonsoet.
[[0;32m  OK  [0m] Listening on LVM2 metadata daemon socket.
[  61.395652] syte[1 Lteinonysg oct.
[[0;32m  OK  [0m] Listening on Syslog Socket.
[  6188385sytemd[1]: Started Fwa PswrdRees to al DirectoryWatch.
[[0;32m  OK  [0m] Started Forward Password Requests to Wall Directory Watch.
[  6.491467] systemd[1]: Listening on Device-mapper event daemonFIs.
[[0;32m  OK  [0m] Listening on Device-mapper event daemon FIFOs.
[ 62240]syte[1: isenig  /evnitlomtibiliy med pe

[[0;32m  OK  [0m] Listening on /dev/initctl Compatibility Named Pipe.
[ 638410syem1]Lieng  Journal ck.
[[0;32m  OK  [0m] Listening on Journal Socket.
[ 64836]systmd[1]: Listening n LV2 llaeonsoet

[[0;32m  OK  [0m] Listening on LVM2 poll daemon socket.
[ 64236]syem1]Created sliceUs a Ssion Slice
[[0;32m  OK  [0m] Created slice User and Session Slice.
[  65.31423] sstem[1 Racd rg Eryedoles.
[[0;32m  OK  [0m] Reached target Encrypted Volumes.
[ 651299] systemd1]Lieng  Jrnal AuditSocket.
[[0;32m  OK  [0m] Listening on Journal Audit Socket.
[ 66439663] systemd[1]: Listening on udev Control ocet

[[0;32m  OK  [0m] Listening on udev Control Socket.
[  6.785] std[: eaed sice Syemli.
[[0;32m  OK  [0m] Created slice System Slice.
[   67.251446] systemd[1]: Starting Set console keymap...
[   67.348818] random: nonblocking pool is initialized
         Starting Set console keymap...
[   67.515226] systemd[1]: Mounting POSIX Message Queue File System...
         Mounting POSIX Message Queue File System...
[   67.695636] systemd[1]: Starting Nameserver information manager...
         Starting Nameserver information manager...
[   67.887179] systemd[1]: Starting Create list of required static device nodes for the current kernel...
         Starting Create list of required st... nodes for the current kernel...
[   68.440209] systemd[1]: Starting Remount Root and Kernel File Systems...
         Starting Remount[   68.566791] EXT4-fs (sda1): re-mounted. Opts: (null)
 Root and Kernel File Systems...
[   68.759155] systemd[1]: Mounting Huge Pages File System...
         Mounting Huge Pages File System...
[   68.895136] systemd[1]: Mounting Debug File System...
         Mounting Debug File System...
[  69.0215 ste[1 Racd arget lices.

[[0;32m  OK  [0m] Reached target Slices.
[   .404] stmd]:Cread ic syst-siax2ety.sli.
[[0;32m  OK  [0m] Created slice system-serial\x2dgetty.slice.
[  71818 systemd[1]: Listeing n udev KernelSoet

[[0;32m  OK  [0m] Listening on udev Kernel Socket.
[   70.524565] systemd[1]: Reached target Swap.
[[0;32m  OK  [0m] Reached target Swap.
[   70.547383] systemd[1]: Starting Load Kernel Modules...
         [   70.617325] Loading iSCSI transport class v2.0-870.
Starting Load Kernel Modules...
[   70.692620] systemd[1]: Starting Uncomplicated firewall...
         [   70.722118] iscsi: registered transport (tcp)
Starting Uncomplicated firewall.[   70.859605] iscsi: registered transport (iser)
..
[   70.983153] systemd[1]: Reached target User and Group Name Lookups.
[[0;32m  OK  [0m] Reached target User and Group Name Lookups.
[   71.191635] systemd[1]: Starting Journal Service...
         Starting Journal Service...
[   71.307493] systemd[1]: Starting Monitoring of LVM2 mirrors, snapshots etc. using dmeventd or progress polling...
         Starting Monitoring of LVM2 mirrors... dmeventd or progress polling...
[ 713535systemd[]:Set upaumot biarExcutable File Fma Fe st Atomount Poin
[[0;32m  OK  [0m] Set up automount Arbitrary Executab...ats File System Automount Point.
[   2.6834] std[: und ge PgeFi Sst.
[[0;32m  OK  [0m] Mounted Huge Pages File System.
[  73.1199] std[]:ounte DbuFi System.
[[0;32m  OK  [0m] Mounted Debug File System.
[  73.13] std[]: Mund SIMeag Que File st.
[[0;32m  OK  [0m] Mounted POSIX Message Queue File System.
[  75338systemd[]:taedoualerce
[[0;32m  OK  [0m] Started Journal Service.
[[0;32m  OK  [0m] Started Set console keymap.
[[0;32m  OK  [0m] Started Create list of required sta...ce nodes for the current kernel.
[[0;32m  OK  [0m] Started Remount Root and Kernel File Systems.
[[0;32m  OK  [0m] Started Load Kernel Modules.
[[0;32m  OK  [0m] Started Uncomplicated firewall.
[[0;32m  OK  [0m] Started Nameserver information manager.
[[0;32m  OK  [0m] Started LVM2 metadata daemon.
         Mounting FUSE Control File System...
         Starting Apply Kernel Variables...
         Starting udev Coldplug all Devices...
         Starting Load/Save Random Seed...
         Starting Initial cloud-init job (pre-networking)...
         Starting Create Static Device Nodes in /dev...
         Starting Flush Journal to Persistent Storage...
[[0;32m  OK  [0m] Mounted FUSE Control File System.
[[0;32m  OK  [0m] Started Apply Kernel Variables.
[[0;32m  OK  [0m] Started Monitoring of LVM2 mirrors,...ng dmeventd or progress polling.
[[0;32m  OK  [0m] Started Load/Save Random Seed.
[[0;32m  OK  [0m] Started Create Static Device Nodes in /dev.
[[0;32m  OK  [0m] Started udev Coldplug all Devices.
[[0;32m  OK  [0m] Started Flush Journal to Persistent Storage.
         Starting udev Kernel Device Manager...
[[0;32m  OK  [0m] Started udev Kernel Device Manager.
[[0;32m  OK  [0m] Started Dispatch Password Requests to Console Directory Watch.
[[0;32m  OK  [0m] Reached target Local File Systems (Pre).
[[0;32m  OK  [0m] Reached target Local File Systems.
         Starting Create Volatile Files and Directories...
         Starting LSB: AppArmor initialization...
         Starting Set console font and keymap...
[   47.090705] cloud-init[484]: Cloud-init v. 0.7.8 running 'init-local' at Sat, 28 Jan 2017 19:18:01 +0000. Up 46.62 seconds.
         Starting Tell Plymouth To Write Out Runtime Data...
         Starting Commit a transient machine-id on disk...
[[0;32m  OK  [0m] Started Create Volatile Files and Directories.
[[0;32m  OK  [0m] Started Tell Plymouth To Write Out Runtime Data.
[[0;32m  OK  [0m] Started Set console font and keymap.
[[0;32m  OK  [0m] Started Commit a transient machine-id on disk.
[[0;32m  OK  [0m] Started Initial cloud-init job (pre-networking).
[[0;32m  OK  [0m] Found device /dev/ttyS0.
[[0;32m  OK  [0m] Listening on Load/Save RF Kill Switch Status /dev/rfkill Watch.
[[0;32m  OK  [0m] Reached target Network (Pre).
[[0;32m  OK  [0m] Created slice system-getty.slice.
         Starting Update UTMP about System Boot/Shutdown...
[[0;32m  OK  [0m] Reached target System Time Synchronized.
[[0;32m  OK  [0m] Started LSB: AppArmor initialization.
[[0;32m  OK  [0m] Started Update UTMP about System Boot/Shutdown.
         Starting Raise network interfaces...
[[0;32m  OK  [0m] Started Raise network interfaces.
[[0;32m  OK  [0m] Reached target Network.
         Starting Initial cloud-init job (metadata service crawler)...
[   50.600817] cloud-init[1072]: Cloud-init v. 0.7.8 running 'init' at Sat, 28 Jan 2017 19:18:05 +0000. Up 50.08 seconds.
[   50.692211] [cloud-init[0;32m  OK  [0m[1072]: ] ci-info: ++++++++++++++++++++++++++++++++++++++Net device info++++++++++++++++++++++++++++++++++++++Started Initial cloud-init job (metadata service crawler).

[   50.816615] [cloud-init[0;32m  OK  [0m[1072]: ] ci-info: +--------+-------+----------------------------+---------------+-------+-------------------+Reached target System Initialization.

[   50.982097] [cloud-init[0;32m  OK  [0m[1072]: ] ci-info: | Device |   Up  |          Address           |      Mask     | Scope |     Hw-Address    |Listening on ACPID Listen Socket.

[[0;32m  OK  [0m] Started Daily Cleanup of Temporary Directories.
[[0;32m  OK  [0m] Listening on D-Bus System Message Bus Socket.
[   50.982653] cloud-init[1072]: ci-info: +--------+-------+----------------------------+---------------+-------+-------------------+
[   51.336903] [cloud-init[0;32m  OK  [0m[1072]: ] ci-info: | enp0s8 | False |             .              |       .       |   .   | 08:00:27:c4:96:62 |Started ACPI Events Check.

[   51.480429] [cloud-init[0;32m  OK  [0m[1072]: ] ci-info: |   lo   |  True |         127.0.0.1          |   255.0.0.0   |   .   |         .         |Started Daily apt activities.

[   51.480940]          Starting LXD - unix socket.
[[0;32m  OK  [0m] Started Trigger resolvconf update for networkd DNS.
[[0;32m  OK  [0m] Reached target Paths.
[[0;32m  OK  [0m] Started Timer to automatically refresh installed snaps.
[[0;32m  OK  [0m] Reached target Timers.
[[0;32m  OK  [0m] Listening on UUID daemon activation socket.
         Starting Socket activation for snappy daemon.
[[0;32m  OK  [0m] Reached target Cloud-config availability.
[[0;32m  OK  [0m] Reached target Network is Online.
cloud-init[1072]: ci-info: |   lo   |  True |          ::1/128           |       .       |  host |         .         |
[   52.164624]          cloud-initStarting iSCSI initiator daemon (iscsid)...[1072]: 
ci-info: | enp0s3 |  True |         10.0.2.15          | 255.255.255.0 |   .   | 02:61:a6:56:41:08 |
[   52.211747] [[0;32m  OK  [0m] Listening on LXD - unix socket.
cloud-init[1072]: ci-info: | enp0s3 |  True | fe80::61:a6ff:fe56:4108/64 |       .       |  link | 02:61:a6:56:41:08 |
[   52.312616] [cloud-init[0;32m  OK  [0m[1072]: ] ci-info: +--------+-------+----------------------------+---------------+-------+-------------------+Listening on Socket activation for snappy daemon.

[   52.313049] cloud-init[1072]: ci-info: +++++++++++++++++++++++++++Route IPv4 info++++++++++++++++++++++++++++
[   52.425051] [cloud-init[0;32m  OK  [0m[1072]: ] ci-info: +-------+-------------+----------+---------------+-----------+-------+Reached target Sockets.

[   52.596594] [cloud-init[0;32m  OK  [0m[1072]: ] ci-info: | Route | Destination | Gateway  |    Genmask    | Interface | Flags |Reached target Basic System.

[   52.597056] cloud-init[1072]: ci-info: +-------+-------------+----------+---------------+-----------+-------+
[   52.774686] [cloud-init[0;32m  OK  [0m[1072]: ] ci-info: |   0   |   0.0.0.0   | 10.0.2.2 |    0.0.0.0    |   enp0s3  |   UG  |Started Regular background program processing daemon.

[   52.775162] cloud-init[1072]: ci-info: |   1   |   10.0.2.0  | 0.0.0.0  | 255.255.255.0 |   enp0s3  |   U   |
[   53.004778]          cloud-initStarting Accounts Service...[1072]: 
ci-info: +-------+-------------+----------+---------------+-----------+-------+
[   53.112825]          cloud-initStarting /etc/rc.local Compatibility...[1072]: 
Generating public/private rsa key pair.
[   53.152201] [cloud-init[0;32m  OK  [0m[1072]: ] Your identification has been saved in /etc/ssh/ssh_host_rsa_key.Started Snappy daemon.

[   53.152676] cloud-init[1072]: Your public key has been saved in /etc/ssh/ssh_host_rsa_key.pub.
[   53.321430]          cloud-initStarting Auto import assertions from block devices...[1072]: 
The key fingerprint is:
[   53.433178]          cloud-initStarting Apply the settings specified in cloud-config...[1072]: 
SHA256:w/XKSYsScCDx3mS7vhZF3zU6JSiasvJIxhCrmgKM64c root@ubuntu-xenial
[   53.560854] [cloud-init[1072]: [0;32m  OK  [0mThe key's randomart image is:] 
Started ACPI event daemon.
[   53.561238] cloud-init[1072]: +---[RSA 2048]----+
[   53.625327] cloud-init[1072]: |  o..      .     |
[   53.638445]          Starting LSB: Record successful boot for GRUB...
cloud-init[1072]: |.  o .  o . . +  |
[   53.660202]          cloud-initStarting Login Service...[1072]: 
| o  o ++ o.. = . |
[[0;32m  OK  [0m] Started Deferred execution scheduler.
[   53.685776] cloud-init[1072]: |o  ..*oo....+    |
[   53.744603]          cloud-initStarting Pollinate to seed the pseudo random number generator...[1072]: 
|+o  .o+.S . ..   |
[   53.818357] [cloud-init[0;32m  OK  [0m[1072]: ] |+.= . .o = +     |Started FUSE filesystem for LXC.

[   53.818704] cloud-init[1072]: |o=.+  o.. =      |
[   53.932377]          cloud-initStarting System Logging Service...[1072]: 
|=E......         |
[   53.993684]          Starting LXD - container startup/shutdown...
cloud-init[1072]: |o..  .o.         |
[   54.064336]          cloud-initStarting LSB: MD monitoring daemon...[1072]: 
+----[SHA256]-----+
[   54.149611] [cloud-init[0;32m  OK  [0m[1072]: ] Generating public/private dsa key pair.Started D-Bus System Message Bus.

[   54.149925] cloud-init[1072]: Your identification has been saved in /etc/ssh/ssh_host_dsa_key.
[   54.372215] [cloud-init[0;32m  OK  [0m[1072]: ] Your public key has been saved in /etc/ssh/ssh_host_dsa_key.pub.Started System Logging Service.

[[0;32m  OK  [0m] Started iSCSI initiator daemon (iscsid).
[   54.372572] cloud-init[1072]: The key fingerprint is:
[   54.544643] [cloud-init[0;32m  OK  [0m[1072]: ] SHA256:tHPpqmH3j25T4MCA33MwPulPyRJ+u0g85I9S+pywSRk root@ubuntu-xenialStarted /etc/rc.local Compatibility.

[   54.545163] cloud-init[1072]: The key's randomart image is:
[   54.665947] [cloud-init[0;32m  OK  [0m[1072]: ] +---[DSA 1024]----+Started Auto import assertions from block devices.

[   54.666437] cloud-init[1072]: |     .           |
[   54.796580] [cloud-init[0;32m  OK  [0m[1072]: ] |    . . o        |Started Pollinate to seed the pseudo random number generator.

[   54.797141] cloud-init[1072]: |     . =.+       |
[   54.924552] [cloud-init[0;32m  OK  [0m[1072]: ] |      ..X.o.     |Started LXD - container startup/shutdown.

[[0;32m  OK  [0m] Started LSB: Record successful boot for GRUB.
[   55.021671] cloud-init[1072]: |      EoSOoo     |
[[0;32m  OK  [0m] Started Login Service.
[   55.096823] [cloud-init[0;32m  OK  [0m[1072]: ] |       *=+* .    |Started LSB: MD monitoring daemon.

[   55.180573]          cloud-initStarting Authenticate and Authorize Users to Run Privileged Tasks...[1072]: 
|      *o*=.o     |
[   55.296884] [cloud-init[0;32m  OK  [0m[1072]: ] |     ooO O=.     |Stopped OpenBSD Secure Shell server.

[   55.297329] cloud-init[1072]: |      ++Bo*+.    |
[   55.404968]          cloud-initStarting OpenBSD Secure Shell server...[1072]: 
+----[SHA256]-----+
[   55.481384]          cloud-initStarting Login to default iSCSI targets...[1072]: 
Generating public/private ecdsa key pair.
[   55.592470] [cloud-init[0;32m  OK  [0m[1072]: ] Your identification has been saved in /etc/ssh/ssh_host_ecdsa_key.Started OpenBSD Secure Shell server.

[[0;32m  OK  [0m] Started Authenticate and Authorize Users to Run Privileged Tasks.
[   55.593156] cloud-init[1072]: Your public key has been saved in /etc/ssh/ssh_host_ecdsa_key.pub.
[   55.796299] [cloud-init[0;32m  OK  [0m[1072]: ] The key fingerprint is:Started Accounts Service.

[   55.796863] cloud-init[1072]: SHA256:7VFaeXRopS4TgFH63fsqbr96caJlcm1DP4a/2ssQMeA root@ubuntu-xenial
[   56.058551] [cloud-init[0;32m  OK  [0m[1072]: ] The key's randomart image is:Started Apply the settings specified in cloud-config.

[   56.059076] cloud-init[1072]: +---[ECDSA 256]---+
[   56.177029] [cloud-init[0;32m  OK  [0m[1072]: ] |        .+o.  .oo|Started Login to default iSCSI targets.

[   56.177525] cloud-init[1072]: |        .....ooo |
[[0;32m  OK  [0m] Reached target Remote File Systems (Pre).
[[0;32m  OK  [0m] Reached target Remote File Systems.
[   56.288367] cloud-init[1072]: |        .  E=+o  |
[   56.420415]          cloud-initStarting LSB: daemon to balance interrupts for SMP systems...[1072]: 
|         o = =o. |
[   56.512639]          cloud-initStarting LSB: VirtualBox Linux Additions...[1072]: 
|        S = +.=..|
[   56.593237]          cloud-initStarting Permit User Sessions...[1072]: 
|         . ..+B==|
[   56.650114]          cloud-initStarting LSB: automatic crash report generation...[1072]: 
|          .  B+=o|
[   56.749082]          cloud-initStarting LSB: Set the CPU Frequency Scaling governor to "ondemand"...[1072]: 
|            + =o |
[   56.837001] [cloud-init[0;32m  OK  [0m[1072]: ] |           oo*=B+|Started Permit User Sessions.

[   56.837417] cloud-init[1072]: +----[SHA256]-----+
[   56.956623]          cloud-initStarting Hold until boot process finishes up...[1072]: 
Generating public/private ed25519 key pair.
[   57.056485]          cloud-initStarting Terminate Plymouth Boot Screen...[1072]: 
Your identification has been saved in /etc/ssh/ssh_host_ed25519_key.
[   57.204595] [cloud-init[0;32m  OK  [0m[1072]: ] Your public key has been saved in /etc/ssh/ssh_host_ed25519_key.pub.Started LSB: daemon to balance interrupts for SMP systems.

[[0;32m  OK  [0m] Started LSB: VirtualBox Linux Additions.
[   57.205090] cloud-init[1072]: The key fingerprint is:
[   57.416765] [cloud-init[0;32m  OK  [0m[1072]: ] SHA256:jVlWKxUDMDOVdSIGw8PmcMlKNOd6MUST0dH2zINX7wE root@ubuntu-xenialStarted LSB: automatic crash report generation.

[   57.565559] [cloud-init[0;32m  OK  [0m[1072]: ] The key's randomart image is:Started LSB: Set the CPU Frequency Scaling governor to "ondemand".

[   57.685256] [cloud-init[0;32m  OK  [0m[1072]: ] +--[ED25519 256]--+Started Hold until boot process finishes up.

[   57.685532] cloud-init[1072]: |     .o=&O**B..  |
[   57.804698] [cloud-init[0;32m  OK  [0m[1072]: ] |      o=XBo+oE  .|Started Terminate Plymouth Boot Screen.

[   57.805188] cloud-init[1072]: |     . *+.+..=...|
[   57.936625] [cloud-init[0;32m  OK  [0m[1072]: ] |      ...O .. *..|Started Getty on tty1.

[   57.937072] cloud-init[1072]: |      . S .  . o.|
[   58.036548]          cloud-initStarting Set console scheme...[1072]: 
|       .        .|
[   58.112182] [cloud-init[0;32m  OK  [0m[1072]: ] |                 |Started Serial Getty on ttyS0.

[[0;32m  OK  [0m] Reached target Login Prompts.
[[0;32m  OK  [0m] Reached target Multi-User System.
[   58.112683] cloud-init[1072]: |                 |
[   58.385823]          cloud-initStarting Execute cloud user/final scripts...[1072]: 
|                 |
[   58.402521] [[0;32m  OK  [0m] Reached target Graphical Interface.
cloud-init[1072]: +----[SHA256]-----+
         Starting Update UTMP about System Runlevel Changes...
[   58.466487] cloud-init[1199]: Generating locales (this might take a while)...
[[0;32m  OK  [0m] Started Set console scheme.
[   58.593003] cloud-init[1199]:   en_US.UTF-8... done
[   58.593082] cloud-init[1199]: Generation complete.
[   58.593144] cloud-init[1199]: Cloud-init v. 0.7.8 running 'modules:config' at Sat, 28 Jan 2017 19:18:08 +0000. Up 53.55 seconds.
ci-info: no authorized ssh keys fingerprints found for user ubuntu.
[[0;32m  OK  [0m] Started Update UTMP about System Runlevel Changes.
<14>Jan 28 19:18:14 ec2: 
<14>Jan 28 19:18:14 ec2: #############################################################
<14>Jan 28 19:18:14 ec2: -----BEGIN SSH HOST KEY FINGERPRINTS-----
<14>Jan 28 19:18:14 ec2: 1024 SHA256:tHPpqmH3j25T4MCA33MwPulPyRJ+u0g85I9S+pywSRk root@ubuntu-xenial (DSA)
<14>Jan 28 19:18:14 ec2: 256 SHA256:7VFaeXRopS4TgFH63fsqbr96caJlcm1DP4a/2ssQMeA root@ubuntu-xenial (ECDSA)
<14>Jan 28 19:18:14 ec2: 256 SHA256:jVlWKxUDMDOVdSIGw8PmcMlKNOd6MUST0dH2zINX7wE root@ubuntu-xenial (ED25519)
<14>Jan 28 19:18:14 ec2: 2048 SHA256:w/XKSYsScCDx3mS7vhZF3zU6JSiasvJIxhCrmgKM64c root@ubuntu-xenial (RSA)
<14>Jan 28 19:18:14 ec2: -----END SSH HOST KEY FINGERPRINTS-----
<14>Jan 28 19:18:14 ec2: #############################################################
-----BEGIN SSH HOST KEY KEYS-----
ecdsa-sha2-nistp256 AAAAE2VjZHNhLXNoYTItbmlzdHAyNTYAAAAIbmlzdHAyNTYAAABBBHjtPVTaPVXi1pq58hgbuSDNGrEfPaX265bk+eSCsQMxDUL1j5Wvjp26d/o/s01S5tfRqTqqJcXR5yWa8m3VCF8= root@ubuntu-xenial
ssh-ed25519 AAAAC3NzaC1lZDI1NTE5AAAAILbKH69JpY6Jr+fJsLCvByPppnK4/lEYDMQV3nUirunN root@ubuntu-xenial
ssh-rsa AAAAB3NzaC1yc2EAAAADAQABAAABAQCcq/1gLi5/s7+rPBaO90qodyDjGy7Gwt0OK4v1TDqcnHskDGHR06M02VI77NN92v5ZmgkZj5i/R3PoHVN5epKeSTp7lpOMAAqYYEpI0B0j84lAYIYrz14htFmpCZPLrKvsAK5FiYOROLr8cL9VyrVVuyoT1J/HT4G7RVSfChoxq/UYDvZ+nxDHXa9EyNb6xUYxO3SFf3bDGeUojqzntyqzGTwc5wgIv+qap5lI0tbwH8ZSVZLmfwR7mqkb1mmJo7f8GfftepTSY/caKJzqaZShmnslf0SAEcB50iJpHTRDtdsDCJwLiX9kZ+veiSm5oBSbPgKtcF78u2Q/g8AdHC4P root@ubuntu-xenial
-----END SSH HOST KEY KEYS-----
[   60.188955] cloud-init[1432]: Cloud-init v. 0.7.8 running 'modules:final' at Sat, 28 Jan 2017 19:18:13 +0000. Up 58.40 seconds.
[   60.223112] cloud-init[1432]: ci-info: no authorized ssh keys fingerprints found for user ubuntu.
[[0;32m  OK  [0m] Started Execute cloud user/final scripts.
[   60.258606] cloud-init[1432]: Cloud-init v. 0.7.8 finished at Sat, 28 Jan 2017 19:18:15 +0000. Datasource DataSourceNoCloudNet [seed=/dev/sdb][dsmode=net].  Up 60.18 seconds
[[0;32m  OK  [0m] Reached target Cloud-init target.

Ubuntu 16.04.1 LTS ubuntu-xenial ttyS0

ubuntu-xenial login: 